WARNING: Force throwing a SIGINT
fatal: error thrown and no exception handler available.
InterruptException()
_ZN12_GLOBAL__N_111X86FastISel23handleConstantAddressesEPKN4llvm5ValueERNS1_14X86AddressModeE at /home/mbettani/.julia/juliaup/julia-1.12.6+0.x64.linux.gnu/bin/../lib/julia/libLLVM.so.18.1jl (unknown line)
_ZN12_GLOBAL__N_111X86FastISel16X86SelectAddressEPKN4llvm5ValueERNS1_14X86AddressModeE at /home/mbettani/.julia/juliaup/julia-1.12.6+0.x64.linux.gnu/bin/../lib/julia/libLLVM.so.18.1jl (unknown line)
_ZN12_GLOBAL__N_111X86FastISel19tryToFoldLoadIntoMIEPN4llvm12MachineInstrEjPKNS1_8LoadInstE at /home/mbettani/.julia/juliaup/julia-1.12.6+0.x64.linux.gnu/bin/../lib/julia/libLLVM.so.18.1jl (unknown line)
_ZN4llvm8FastISel13tryToFoldLoadEPKNS_8LoadInstEPKNS_11InstructionE at /home/mbettani/.julia/juliaup/julia-1.12.6+0.x64.linux.gnu/bin/../lib/julia/libLLVM.so.18.1jl (unknown line)
_ZN4llvm16SelectionDAGISel20SelectAllBasicBlocksERKNS_8FunctionE at /home/mbettani/.julia/juliaup/julia-1.12.6+0.x64.linux.gnu/bin/../lib/julia/libLLVM.so.18.1jl (unknown line)
_ZN4llvm16SelectionDAGISel20runOnMachineFunctionERNS_15MachineFunctionE.part.0 at /home/mbettani/.julia/juliaup/julia-1.12.6+0.x64.linux.gnu/bin/../lib/julia/libLLVM.so.18.1jl (unknown line)
_ZN12_GLOBAL__N_115X86DAGToDAGISel20runOnMachineFunctionERN4llvm15MachineFunctionE at /home/mbettani/.julia/juliaup/julia-1.12.6+0.x64.linux.gnu/bin/../lib/julia/libLLVM.so.18.1jl (unknown line)
_ZN4llvm19MachineFunctionPass13runOnFunctionERNS_8FunctionE.part.0 at /home/mbettani/.julia/juliaup/julia-1.12.6+0.x64.linux.gnu/bin/../lib/julia/libLLVM.so.18.1jl (unknown line)
_ZN4llvm13FPPassManager13runOnFunctionERNS_8FunctionE at /home/mbettani/.julia/juliaup/julia-1.12.6+0.x64.linux.gnu/bin/../lib/julia/libLLVM.so.18.1jl (unknown line)
_ZN4llvm13FPPassManager11runOnModuleERNS_6ModuleE at /home/mbettani/.julia/juliaup/julia-1.12.6+0.x64.linux.gnu/bin/../lib/julia/libLLVM.so.18.1jl (unknown line)
_ZN4llvm6legacy15PassManagerImpl3runERNS_6ModuleE at /home/mbettani/.julia/juliaup/julia-1.12.6+0.x64.linux.gnu/bin/../lib/julia/libLLVM.so.18.1jl (unknown line)
_ZN4llvm3orc14SimpleCompilerclERNS_6ModuleE at /home/mbettani/.julia/juliaup/julia-1.12.6+0.x64.linux.gnu/bin/../lib/julia/libLLVM.so.18.1jl (unknown line)
operator() at /cache/build/builder-amdci5-4/julialang/julia-release-1-dot-12/src/jitlayers.cpp:1561
addModule at /cache/build/builder-amdci5-4/julialang/julia-release-1-dot-12/src/jitlayers.cpp:2044
jl_compile_codeinst_now at /cache/build/builder-amdci5-4/julialang/julia-release-1-dot-12/src/jitlayers.cpp:626
jl_compile_codeinst_impl at /cache/build/builder-amdci5-4/julialang/julia-release-1-dot-12/src/jitlayers.cpp:824
jl_compile_method_internal at /cache/build/builder-amdci5-4/julialang/julia-release-1-dot-12/src/gf.c:3528
_jl_invoke at /cache/build/builder-amdci5-4/julialang/julia-release-1-dot-12/src/gf.c:4006 [inlined]
ijl_apply_generic at /cache/build/builder-amdci5-4/julialang/julia-release-1-dot-12/src/gf.c:4214
#showerror#825 at ./errorshow.jl:117
showerror at ./errorshow.jl:115
unknown function (ip: 0x702329955767) at (unknown file)
show_exception_stack at ./errorshow.jl:1016
display_error at ./client.jl:110
unknown function (ip: 0x702329955296) at (unknown file)
display_error at ./client.jl:113
jfptr_display_error_47731 at /home/mbettani/.julia/juliaup/julia-1.12.6+0.x64.linux.gnu/lib/julia/sys.so (unknown line)
jl_apply at /cache/build/builder-amdci5-4/julialang/julia-release-1-dot-12/src/julia.h:2391 [inlined]
jl_f_invokelatest at /cache/build/builder-amdci5-4/julialang/julia-release-1-dot-12/src/builtins.c:881
_start at ./client.jl:567
jfptr__start_63319 at /home/mbettani/.julia/juliaup/julia-1.12.6+0.x64.linux.gnu/lib/julia/sys.so (unknown line)
jl_apply at /cache/build/builder-amdci5-4/julialang/julia-release-1-dot-12/src/julia.h:2391 [inlined]
true_main at /cache/build/builder-amdci5-4/julialang/julia-release-1-dot-12/src/jlapi.c:971
jl_repl_entrypoint at /cache/build/builder-amdci5-4/julialang/julia-release-1-dot-12/src/jlapi.c:1139
main at /cache/build/builder-amdci5-4/julialang/julia-release-1-dot-12/cli/loader_exe.c:58
unknown function (ip: 0x70233f42a1c9) at /lib/x86_64-linux-gnu/libc.so.6
__libc_start_main at /lib/x86_64-linux-gnu/libc.so.6 (unknown line)
unknown function (ip: 0x4010b8) at /workspace/srcdir/glibc-2.17/csu/../sysdeps/x86_64/start.S

[30755] signal 15: Terminated
in expression starting at none:0
unknown function (ip: 0x70233f498d6f) at /lib/x86_64-linux-gnu/libc.so.6
pthread_cond_wait at /lib/x86_64-linux-gnu/libc.so.6 (unknown line)
uv_cond_wait at /workspace/srcdir/libuv/src/unix/thread.c:822
ijl_task_get_next at /cache/build/builder-amdci5-4/julialang/julia-release-1-dot-12/src/scheduler.c:523
poptask at ./task.jl:1216
wait at ./task.jl:1228
#wait#398 at ./condition.jl:141
wait at ./condition.jl:136 [inlined]
_trywait at ./asyncevent.jl:185
profile_printing_listener at ./Base.jl:332
#start_profile_listener##0 at ./Base.jl:352
jfptr_YY.start_profile_listenerYY.YY.0_16003 at /home/mbettani/.julia/juliaup/julia-1.12.6+0.x64.linux.gnu/lib/julia/sys.so (unknown line)
jl_apply at /cache/build/builder-amdci5-4/julialang/julia-release-1-dot-12/src/julia.h:2391 [inlined]
start_task at /cache/build/builder-amdci5-4/julialang/julia-release-1-dot-12/src/task.c:1252
unknown function (ip: (nil)) at (unknown file)
unknown function (ip: 0x70233f498d6f) at /lib/x86_64-linux-gnu/libc.so.6
pthread_cond_wait at /lib/x86_64-linux-gnu/libc.so.6 (unknown line)
wait at /cache/build/builder-amdci5-4/julialang/julia-release-1-dot-12/src/julia_locks.h:131 [inlined]
jl_compile_codeinst_now at /cache/build/builder-amdci5-4/julialang/julia-release-1-dot-12/src/jitlayers.cpp:742
jl_compile_codeinst_impl at /cache/build/builder-amdci5-4/julialang/julia-release-1-dot-12/src/jitlayers.cpp:824
jl_compile_method_internal at /cache/build/builder-amdci5-4/julialang/julia-release-1-dot-12/src/gf.c:3528
_jl_invoke at /cache/build/builder-amdci5-4/julialang/julia-release-1-dot-12/src/gf.c:4006 [inlined]
ijl_apply_generic at /cache/build/builder-amdci5-4/julialang/julia-release-1-dot-12/src/gf.c:4214
jl_apply at /cache/build/builder-amdci5-4/julialang/julia-release-1-dot-12/src/julia.h:2391 [inlined]
jl_f__call_in_world_total at /cache/build/builder-amdci5-4/julialang/julia-release-1-dot-12/src/builtins.c:919
jl_apply at /cache/build/builder-amdci5-4/julialang/julia-release-1-dot-12/src/julia.h:2391 [inlined]
jl_f__apply_iterate at /cache/build/builder-amdci5-4/julialang/julia-release-1-dot-12/src/builtins.c:868
concrete_eval_call at ./../usr/share/julia/Compiler/src/abstractinterpretation.jl:1009
abstract_call_method_with_const_args at ./../usr/share/julia/Compiler/src/abstractinterpretation.jl:874
abstract_call_method_with_const_args at ./../usr/share/julia/Compiler/src/abstractinterpretation.jl:868
handle1 at ./../usr/share/julia/Compiler/src/abstractinterpretation.jl:178
jfptr_handle1_77988 at /home/mbettani/.julia/juliaup/julia-1.12.6+0.x64.linux.gnu/lib/julia/sys.so (unknown line)
doworkloop at ./../usr/share/julia/Compiler/src/inferencestate.jl:1205
jfptr_doworkloop_83168 at /home/mbettani/.julia/juliaup/julia-1.12.6+0.x64.linux.gnu/lib/julia/sys.so (unknown line)
typeinf at ./../usr/share/julia/Compiler/src/abstractinterpretation.jl:4505
typeinf_ext at ./../usr/share/julia/Compiler/src/typeinfer.jl:1256
typeinf_ext_toplevel at ./../usr/share/julia/Compiler/src/typeinfer.jl:1439 [inlined]
typeinf_ext_toplevel at ./../usr/share/julia/Compiler/src/typeinfer.jl:1448
jfptr_typeinf_ext_toplevel_80206 at /home/mbettani/.julia/juliaup/julia-1.12.6+0.x64.linux.gnu/lib/julia/sys.so (unknown line)
jl_apply at /cache/build/builder-amdci5-4/julialang/julia-release-1-dot-12/src/julia.h:2391 [inlined]
jl_type_infer at /cache/build/builder-amdci5-4/julialang/julia-release-1-dot-12/src/gf.c:466
jl_compile_method_internal at /cache/build/builder-amdci5-4/julialang/julia-release-1-dot-12/src/gf.c:3516
_jl_invoke at /cache/build/builder-amdci5-4/julialang/julia-release-1-dot-12/src/gf.c:4006 [inlined]
ijl_apply_generic at /cache/build/builder-amdci5-4/julialang/julia-release-1-dot-12/src/gf.c:4214
_atexit at ./initdefs.jl:464
jfptr__atexit_67825 at /home/mbettani/.julia/juliaup/julia-1.12.6+0.x64.linux.gnu/lib/julia/sys.so (unknown line)
jl_apply at /cache/build/builder-amdci5-4/julialang/julia-release-1-dot-12/src/julia.h:2391 [inlined]
ijl_atexit_hook at /cache/build/builder-amdci5-4/julialang/julia-release-1-dot-12/src/init.c:260
ijl_exit at /cache/build/builder-amdci5-4/julialang/julia-release-1-dot-12/src/init.c:196
ijl_no_exc_handler at /cache/build/builder-amdci5-4/julialang/julia-release-1-dot-12/src/task.c:739
true_main at /cache/build/builder-amdci5-4/julialang/julia-release-1-dot-12/src/jlapi.c:978
jl_repl_entrypoint at /cache/build/builder-amdci5-4/julialang/julia-release-1-dot-12/src/jlapi.c:1139
main at /cache/build/builder-amdci5-4/julialang/julia-release-1-dot-12/cli/loader_exe.c:58
unknown function (ip: 0x70233f42a1c9) at /lib/x86_64-linux-gnu/libc.so.6
__libc_start_main at /lib/x86_64-linux-gnu/libc.so.6 (unknown line)
unknown function (ip: 0x4010b8) at /workspace/srcdir/glibc-2.17/csu/../sysdeps/x86_64/start.S
unknown function (ip: (nil)) at (unknown file)
Allocations: 11452402 (Pool: 11452274; Big: 128); GC: 7
fatal: error thrown and no exception handler available.
Core.InterruptException()
_ZN12_GLOBAL__N_111X86FastISel23handleConstantAddressesEPKN4llvm5ValueERNS1_14X86AddressModeE at /home/mbettani/.julia/juliaup/julia-1.12.6+0.x64.linux.gnu/bin/../lib/julia/libLLVM.so.18.1jl (unknown line)
_ZN12_GLOBAL__N_111X86FastISel16X86SelectAddressEPKN4llvm5ValueERNS1_14X86AddressModeE at /home/mbettani/.julia/juliaup/julia-1.12.6+0.x64.linux.gnu/bin/../lib/julia/libLLVM.so.18.1jl (unknown line)
_ZN12_GLOBAL__N_111X86FastISel19tryToFoldLoadIntoMIEPN4llvm12MachineInstrEjPKNS1_8LoadInstE at /home/mbettani/.julia/juliaup/julia-1.12.6+0.x64.linux.gnu/bin/../lib/julia/libLLVM.so.18.1jl (unknown line)
_ZN4llvm8FastISel13tryToFoldLoadEPKNS_8LoadInstEPKNS_11InstructionE at /home/mbettani/.julia/juliaup/julia-1.12.6+0.x64.linux.gnu/bin/../lib/julia/libLLVM.so.18.1jl (unknown line)
_ZN4llvm16SelectionDAGISel20SelectAllBasicBlocksERKNS_8FunctionE at /home/mbettani/.julia/juliaup/julia-1.12.6+0.x64.linux.gnu/bin/../lib/julia/libLLVM.so.18.1jl (unknown line)
_ZN4llvm16SelectionDAGISel20runOnMachineFunctionERNS_15MachineFunctionE.part.0 at /home/mbettani/.julia/juliaup/julia-1.12.6+0.x64.linux.gnu/bin/../lib/julia/libLLVM.so.18.1jl (unknown line)
_ZN12_GLOBAL__N_115X86DAGToDAGISel20runOnMachineFunctionERN4llvm15MachineFunctionE at /home/mbettani/.julia/juliaup/julia-1.12.6+0.x64.linux.gnu/bin/../lib/julia/libLLVM.so.18.1jl (unknown line)
_ZN4llvm19MachineFunctionPass13runOnFunctionERNS_8FunctionE.part.0 at /home/mbettani/.julia/juliaup/julia-1.12.6+0.x64.linux.gnu/bin/../lib/julia/libLLVM.so.18.1jl (unknown line)
_ZN4llvm13FPPassManager13runOnFunctionERNS_8FunctionE at /home/mbettani/.julia/juliaup/julia-1.12.6+0.x64.linux.gnu/bin/../lib/julia/libLLVM.so.18.1jl (unknown line)
_ZN4llvm13FPPassManager11runOnModuleERNS_6ModuleE at /home/mbettani/.julia/juliaup/julia-1.12.6+0.x64.linux.gnu/bin/../lib/julia/libLLVM.so.18.1jl (unknown line)
_ZN4llvm6legacy15PassManagerImpl3runERNS_6ModuleE at /home/mbettani/.julia/juliaup/julia-1.12.6+0.x64.linux.gnu/bin/../lib/julia/libLLVM.so.18.1jl (unknown line)
_ZN4llvm3orc14SimpleCompilerclERNS_6ModuleE at /home/mbettani/.julia/juliaup/julia-1.12.6+0.x64.linux.gnu/bin/../lib/julia/libLLVM.so.18.1jl (unknown line)
operator() at /cache/build/builder-amdci5-4/julialang/julia-release-1-dot-12/src/jitlayers.cpp:1561
addModule at /cache/build/builder-amdci5-4/julialang/julia-release-1-dot-12/src/jitlayers.cpp:2044
jl_compile_codeinst_now at /cache/build/builder-amdci5-4/julialang/julia-release-1-dot-12/src/jitlayers.cpp:626
jl_compile_codeinst_impl at /cache/build/builder-amdci5-4/julialang/julia-release-1-dot-12/src/jitlayers.cpp:824
jl_compile_method_internal at /cache/build/builder-amdci5-4/julialang/julia-release-1-dot-12/src/gf.c:3528
_jl_invoke at /cache/build/builder-amdci5-4/julialang/julia-release-1-dot-12/src/gf.c:4006 [inlined]
ijl_apply_generic at /cache/build/builder-amdci5-4/julialang/julia-release-1-dot-12/src/gf.c:4214
#showerror#825 at ./errorshow.jl:117
showerror at ./errorshow.jl:115
unknown function (ip: 0x702329955767) at (unknown file)
show_exception_stack at ./errorshow.jl:1016
display_error at ./client.jl:110
unknown function (ip: 0x702329955296) at (unknown file)
display_error at ./client.jl:113
jfptr_display_error_47731 at /home/mbettani/.julia/juliaup/julia-1.12.6+0.x64.linux.gnu/lib/julia/sys.so (unknown line)
jl_apply at /cache/build/builder-amdci5-4/julialang/julia-release-1-dot-12/src/julia.h:2391 [inlined]
jl_f_invokelatest at /cache/build/builder-amdci5-4/julialang/julia-release-1-dot-12/src/builtins.c:881
_start at ./client.jl:567
jfptr__start_63319 at /home/mbettani/.julia/juliaup/julia-1.12.6+0.x64.linux.gnu/lib/julia/sys.so (unknown line)
jl_apply at /cache/build/builder-amdci5-4/julialang/julia-release-1-dot-12/src/julia.h:2391 [inlined]
true_main at /cache/build/builder-amdci5-4/julialang/julia-release-1-dot-12/src/jlapi.c:971
jl_repl_entrypoint at /cache/build/builder-amdci5-4/julialang/julia-release-1-dot-12/src/jlapi.c:1139
main at /cache/build/builder-amdci5-4/julialang/julia-release-1-dot-12/cli/loader_exe.c:58
unknown function (ip: 0x70233f42a1c9) at /lib/x86_64-linux-gnu/libc.so.6
__libc_start_main at /lib/x86_64-linux-gnu/libc.so.6 (unknown line)
unknown function (ip: 0x4010b8) at /workspace/srcdir/glibc-2.17/csu/../sysdeps/x86_64/start.S
